{"C:\\Users\\Devan\\Documents\\pedidos-veloz\\services\\orders-service\\src\\app.js": {"path":"C:\\Users\\Devan\\Documents\\pedidos-veloz\\services\\orders-service\\src\\app.js","statementMap":{"0":{"start":{"line":1,"column":16},"end":{"line":1,"column":34}},"1":{"start":{"line":2,"column":17},"end":{"line":2,"column":37}},"2":{"start":{"line":3,"column":23},"end":{"line":3,"column":38}},"3":{"start":{"line":4,"column":48},"end":{"line":4,"column":70}},"4":{"start":{"line":6,"column":12},"end":{"line":6,"column":21}},"5":{"start":{"line":9,"column":15},"end":{"line":11,"column":2}},"6":{"start":{"line":13,"column":0},"end":{"line":13,"column":16}},"7":{"start":{"line":14,"column":0},"end":{"line":14,"column":24}},"8":{"start":{"line":17,"column":20},"end":{"line":21,"column":2}},"9":{"start":{"line":23,"column":29},"end":{"line":26,"column":2}},"10":{"start":{"line":28,"column":21},"end":{"line":31,"column":2}},"11":{"start":{"line":37,"column":2},"end":{"line":37,"column":19}},"12":{"start":{"line":38,"column":2},"end":{"line":38,"column":33}},"13":{"start":{"line":39,"column":2},"end":{"line":39,"column":25}},"14":{"start":{"line":43,"column":0},"end":{"line":45,"column":3}},"15":{"start":{"line":44,"column":2},"end":{"line":44,"column":56}},"16":{"start":{"line":48,"column":0},"end":{"line":58,"column":3}},"17":{"start":{"line":49,"column":2},"end":{"line":57,"column":3}},"18":{"start":{"line":50,"column":4},"end":{"line":52,"column":5}},"19":{"start":{"line":51,"column":6},"end":{"line":51,"column":87}},"20":{"start":{"line":53,"column":4},"end":{"line":53,"column":33}},"21":{"start":{"line":54,"column":4},"end":{"line":54,"column":30}},"22":{"start":{"line":56,"column":4},"end":{"line":56,"column":65}},"23":{"start":{"line":61,"column":0},"end":{"line":64,"column":3}},"24":{"start":{"line":62,"column":2},"end":{"line":62,"column":48}},"25":{"start":{"line":63,"column":2},"end":{"line":63,"column":36}},"26":{"start":{"line":67,"column":0},"end":{"line":125,"column":3}},"27":{"start":{"line":68,"column":16},"end":{"line":68,"column":26}},"28":{"start":{"line":69,"column":47},"end":{"line":69,"column":55}},"29":{"start":{"line":71,"column":2},"end":{"line":73,"column":3}},"30":{"start":{"line":72,"column":4},"end":{"line":72,"column":70}},"31":{"start":{"line":75,"column":2},"end":{"line":124,"column":3}},"32":{"start":{"line":76,"column":4},"end":{"line":78,"column":5}},"33":{"start":{"line":77,"column":6},"end":{"line":77,"column":69}},"34":{"start":{"line":80,"column":20},"end":{"line":80,"column":28}},"35":{"start":{"line":81,"column":18},"end":{"line":85,"column":5}},"36":{"start":{"line":87,"column":19},"end":{"line":93,"column":6}},"37":{"start":{"line":96,"column":4},"end":{"line":109,"column":5}},"38":{"start":{"line":97,"column":6},"end":{"line":108,"column":8}},"39":{"start":{"line":112,"column":4},"end":{"line":114,"column":5}},"40":{"start":{"line":113,"column":6},"end":{"line":113,"column":88}},"41":{"start":{"line":116,"column":4},"end":{"line":116,"column":43}},"42":{"start":{"line":117,"column":4},"end":{"line":117,"column":62}},"43":{"start":{"line":119,"column":4},"end":{"line":119,"column":41}},"44":{"start":{"line":121,"column":4},"end":{"line":121,"column":25}},"45":{"start":{"line":122,"column":4},"end":{"line":122,"column":41}},"46":{"start":{"line":123,"column":4},"end":{"line":123,"column":51}},"47":{"start":{"line":128,"column":0},"end":{"line":140,"column":3}},"48":{"start":{"line":129,"column":2},"end":{"line":139,"column":3}},"49":{"start":{"line":130,"column":4},"end":{"line":132,"column":5}},"50":{"start":{"line":131,"column":6},"end":{"line":131,"column":69}},"51":{"start":{"line":134,"column":19},"end":{"line":134,"column":94}},"52":{"start":{"line":135,"column":4},"end":{"line":135,"column":26}},"53":{"start":{"line":137,"column":4},"end":{"line":137,"column":25}},"54":{"start":{"line":138,"column":4},"end":{"line":138,"column":51}},"55":{"start":{"line":143,"column":0},"end":{"line":175,"column":3}},"56":{"start":{"line":144,"column":2},"end":{"line":174,"column":3}},"57":{"start":{"line":145,"column":19},"end":{"line":145,"column":29}},"58":{"start":{"line":147,"column":4},"end":{"line":149,"column":5}},"59":{"start":{"line":148,"column":6},"end":{"line":148,"column":69}},"60":{"start":{"line":152,"column":4},"end":{"line":157,"column":5}},"61":{"start":{"line":153,"column":21},"end":{"line":153,"column":57}},"62":{"start":{"line":154,"column":6},"end":{"line":156,"column":7}},"63":{"start":{"line":155,"column":8},"end":{"line":155,"column":44}},"64":{"start":{"line":159,"column":19},"end":{"line":159,"column":79}},"65":{"start":{"line":161,"column":4},"end":{"line":163,"column":5}},"66":{"start":{"line":162,"column":6},"end":{"line":162,"column":64}},"67":{"start":{"line":166,"column":4},"end":{"line":168,"column":5}},"68":{"start":{"line":167,"column":6},"end":{"line":167,"column":83}},"69":{"start":{"line":170,"column":4},"end":{"line":170,"column":29}},"70":{"start":{"line":172,"column":4},"end":{"line":172,"column":25}},"71":{"start":{"line":173,"column":4},"end":{"line":173,"column":51}},"72":{"start":{"line":178,"column":0},"end":{"line":221,"column":3}},"73":{"start":{"line":179,"column":2},"end":{"line":220,"column":3}},"74":{"start":{"line":180,"column":19},"end":{"line":180,"column":29}},"75":{"start":{"line":181,"column":23},"end":{"line":181,"column":31}},"76":{"start":{"line":183,"column":4},"end":{"line":185,"column":5}},"77":{"start":{"line":184,"column":6},"end":{"line":184,"column":69}},"78":{"start":{"line":187,"column":19},"end":{"line":190,"column":5}},"79":{"start":{"line":192,"column":4},"end":{"line":194,"column":5}},"80":{"start":{"line":193,"column":6},"end":{"line":193,"column":64}},"81":{"start":{"line":197,"column":4},"end":{"line":199,"column":5}},"82":{"start":{"line":198,"column":6},"end":{"line":198,"column":43}},"83":{"start":{"line":202,"column":4},"end":{"line":214,"column":5}},"84":{"start":{"line":203,"column":6},"end":{"line":213,"column":8}},"85":{"start":{"line":216,"column":4},"end":{"line":216,"column":29}},"86":{"start":{"line":218,"column":4},"end":{"line":218,"column":25}},"87":{"start":{"line":219,"column":4},"end":{"line":219,"column":51}},"88":{"start":{"line":224,"column":0},"end":{"line":227,"column":3}},"89":{"start":{"line":225,"column":2},"end":{"line":225,"column":21}},"90":{"start":{"line":226,"column":2},"end":{"line":226,"column":59}},"91":{"start":{"line":230,"column":0},"end":{"line":232,"column":3}},"92":{"start":{"line":231,"column":2},"end":{"line":231,"column":47}},"93":{"start":{"line":234,"column":0},"end":{"line":234,"column":42}}},"fnMap":{"0":{"name":"setDependencies","decl":{"start":{"line":36,"column":9},"end":{"line":36,"column":24}},"loc":{"start":{"line":36,"column":31},"end":{"line":40,"column":1}},"line":36},"1":{"name":"(anonymous_1)","decl":{"start":{"line":43,"column":19},"end":{"line":43,"column":20}},"loc":{"start":{"line":43,"column":33},"end":{"line":45,"column":1}},"line":43},"2":{"name":"(anonymous_2)","decl":{"start":{"line":48,"column":18},"end":{"line":48,"column":19}},"loc":{"start":{"line":48,"column":38},"end":{"line":58,"column":1}},"line":48},"3":{"name":"(anonymous_3)","decl":{"start":{"line":61,"column":20},"end":{"line":61,"column":21}},"loc":{"start":{"line":61,"column":40},"end":{"line":64,"column":1}},"line":61},"4":{"name":"(anonymous_4)","decl":{"start":{"line":67,"column":20},"end":{"line":67,"column":21}},"loc":{"start":{"line":67,"column":40},"end":{"line":125,"column":1}},"line":67},"5":{"name":"(anonymous_5)","decl":{"start":{"line":128,"column":19},"end":{"line":128,"column":20}},"loc":{"start":{"line":128,"column":39},"end":{"line":140,"column":1}},"line":128},"6":{"name":"(anonymous_6)","decl":{"start":{"line":143,"column":23},"end":{"line":143,"column":24}},"loc":{"start":{"line":143,"column":43},"end":{"line":175,"column":1}},"line":143},"7":{"name":"(anonymous_7)","decl":{"start":{"line":178,"column":25},"end":{"line":178,"column":26}},"loc":{"start":{"line":178,"column":45},"end":{"line":221,"column":1}},"line":178},"8":{"name":"(anonymous_8)","decl":{"start":{"line":224,"column":8},"end":{"line":224,"column":9}},"loc":{"start":{"line":224,"column":33},"end":{"line":227,"column":1}},"line":224},"9":{"name":"(anonymous_9)","decl":{"start":{"line":230,"column":8},"end":{"line":230,"column":9}},"loc":{"start":{"line":230,"column":22},"end":{"line":232,"column":1}},"line":230}},"branchMap":{"0":{"loc":{"start":{"line":10,"column":10},"end":{"line":10,"column":41}},"type":"binary-expr","locations":[{"start":{"line":10,"column":10},"end":{"line":10,"column":31}},{"start":{"line":10,"column":35},"end":{"line":10,"column":41}}],"line":10},"1":{"loc":{"start":{"line":50,"column":4},"end":{"line":52,"column":5}},"type":"if","locations":[{"start":{"line":50,"column":4},"end":{"line":52,"column":5}},{"start":{},"end":{}}],"line":50},"2":{"loc":{"start":{"line":71,"column":2},"end":{"line":73,"column":3}},"type":"if","locations":[{"start":{"line":71,"column":2},"end":{"line":73,"column":3}},{"start":{},"end":{}}],"line":71},"3":{"loc":{"start":{"line":71,"column":6},"end":{"line":71,"column":45}},"type":"binary-expr","locations":[{"start":{"line":71,"column":6},"end":{"line":71,"column":18}},{"start":{"line":71,"column":22},"end":{"line":71,"column":28}},{"start":{"line":71,"column":32},"end":{"line":71,"column":45}}],"line":71},"4":{"loc":{"start":{"line":76,"column":4},"end":{"line":78,"column":5}},"type":"if","locations":[{"start":{"line":76,"column":4},"end":{"line":78,"column":5}},{"start":{},"end":{}}],"line":76},"5":{"loc":{"start":{"line":96,"column":4},"end":{"line":109,"column":5}},"type":"if","locations":[{"start":{"line":96,"column":4},"end":{"line":109,"column":5}},{"start":{},"end":{}}],"line":96},"6":{"loc":{"start":{"line":112,"column":4},"end":{"line":114,"column":5}},"type":"if","locations":[{"start":{"line":112,"column":4},"end":{"line":114,"column":5}},{"start":{},"end":{}}],"line":112},"7":{"loc":{"start":{"line":130,"column":4},"end":{"line":132,"column":5}},"type":"if","locations":[{"start":{"line":130,"column":4},"end":{"line":132,"column":5}},{"start":{},"end":{}}],"line":130},"8":{"loc":{"start":{"line":147,"column":4},"end":{"line":149,"column":5}},"type":"if","locations":[{"start":{"line":147,"column":4},"end":{"line":149,"column":5}},{"start":{},"end":{}}],"line":147},"9":{"loc":{"start":{"line":152,"column":4},"end":{"line":157,"column":5}},"type":"if","locations":[{"start":{"line":152,"column":4},"end":{"line":157,"column":5}},{"start":{},"end":{}}],"line":152},"10":{"loc":{"start":{"line":154,"column":6},"end":{"line":156,"column":7}},"type":"if","locations":[{"start":{"line":154,"column":6},"end":{"line":156,"column":7}},{"start":{},"end":{}}],"line":154},"11":{"loc":{"start":{"line":161,"column":4},"end":{"line":163,"column":5}},"type":"if","locations":[{"start":{"line":161,"column":4},"end":{"line":163,"column":5}},{"start":{},"end":{}}],"line":161},"12":{"loc":{"start":{"line":166,"column":4},"end":{"line":168,"column":5}},"type":"if","locations":[{"start":{"line":166,"column":4},"end":{"line":168,"column":5}},{"start":{},"end":{}}],"line":166},"13":{"loc":{"start":{"line":183,"column":4},"end":{"line":185,"column":5}},"type":"if","locations":[{"start":{"line":183,"column":4},"end":{"line":185,"column":5}},{"start":{},"end":{}}],"line":183},"14":{"loc":{"start":{"line":192,"column":4},"end":{"line":194,"column":5}},"type":"if","locations":[{"start":{"line":192,"column":4},"end":{"line":194,"column":5}},{"start":{},"end":{}}],"line":192},"15":{"loc":{"start":{"line":197,"column":4},"end":{"line":199,"column":5}},"type":"if","locations":[{"start":{"line":197,"column":4},"end":{"line":199,"column":5}},{"start":{},"end":{}}],"line":197},"16":{"loc":{"start":{"line":202,"column":4},"end":{"line":214,"column":5}},"type":"if","locations":[{"start":{"line":202,"column":4},"end":{"line":214,"column":5}},{"start":{},"end":{}}],"line":202}},"s":{"0":1,"1":1,"2":1,"3":1,"4":1,"5":1,"6":1,"7":1,"8":1,"9":1,"10":1,"11":1,"12":1,"13":1,"14":1,"15":1,"16":1,"17":0,"18":0,"19":0,"20":0,"21":0,"22":0,"23":1,"24":0,"25":0,"26":1,"27":2,"28":2,"29":2,"30":1,"31":1,"32":1,"33":0,"34":1,"35":1,"36":1,"37":1,"38":1,"39":1,"40":1,"41":1,"42":1,"43":1,"44":0,"45":0,"46":0,"47":1,"48":1,"49":1,"50":0,"51":1,"52":1,"53":0,"54":0,"55":1,"56":0,"57":0,"58":0,"59":0,"60":0,"61":0,"62":0,"63":0,"64":0,"65":0,"66":0,"67":0,"68":0,"69":0,"70":0,"71":0,"72":1,"73":0,"74":0,"75":0,"76":0,"77":0,"78":0,"79":0,"80":0,"81":0,"82":0,"83":0,"84":0,"85":0,"86":0,"87":0,"88":1,"89":0,"90":0,"91":1,"92":0,"93":1},"f":{"0":1,"1":1,"2":0,"3":0,"4":2,"5":1,"6":0,"7":0,"8":0,"9":0},"b":{"0":[1,1],"1":[0,0],"2":[1,1],"3":[2,2,1],"4":[0,1],"5":[1,0],"6":[1,0],"7":[0,1],"8":[0,0],"9":[0,0],"10":[0,0],"11":[0,0],"12":[0,0],"13":[0,0],"14":[0,0],"15":[0,0],"16":[0,0]},"_coverageSchema":"1a1c01bbd47fc00a2c39e90264f33305004495a9","hash":"266b2959faa67c3e8bc44b21b4fd5bfaf84a9764"}
,"C:\\Users\\Devan\\Documents\\pedidos-veloz\\services\\orders-service\\src\\index.js": {"path":"C:\\Users\\Devan\\Documents\\pedidos-veloz\\services\\orders-service\\src\\index.js","statementMap":{"0":{"start":{"line":1,"column":0},"end":{"line":1,"column":27}},"1":{"start":{"line":2,"column":17},"end":{"line":2,"column":30}},"2":{"start":{"line":3,"column":14},"end":{"line":3,"column":30}},"3":{"start":{"line":4,"column":13},"end":{"line":4,"column":31}},"4":{"start":{"line":5,"column":33},"end":{"line":5,"column":49}},"5":{"start":{"line":7,"column":13},"end":{"line":7,"column":52}},"6":{"start":{"line":10,"column":13},"end":{"line":16,"column":2}},"7":{"start":{"line":19,"column":20},"end":{"line":25,"column":2}},"8":{"start":{"line":26,"column":0},"end":{"line":26,"column":69}},"9":{"start":{"line":26,"column":33},"end":{"line":26,"column":67}},"10":{"start":{"line":27,"column":0},"end":{"line":27,"column":83}},"11":{"start":{"line":27,"column":35},"end":{"line":27,"column":81}},"12":{"start":{"line":31,"column":24},"end":{"line":43,"column":1}},"13":{"start":{"line":32,"column":2},"end":{"line":42,"column":3}},"14":{"start":{"line":33,"column":23},"end":{"line":35,"column":5}},"15":{"start":{"line":36,"column":4},"end":{"line":36,"column":47}},"16":{"start":{"line":37,"column":4},"end":{"line":37,"column":71}},"17":{"start":{"line":38,"column":4},"end":{"line":38,"column":38}},"18":{"start":{"line":40,"column":4},"end":{"line":40,"column":55}},"19":{"start":{"line":41,"column":4},"end":{"line":41,"column":38}},"20":{"start":{"line":45,"column":0},"end":{"line":45,"column":18}},"21":{"start":{"line":48,"column":15},"end":{"line":70,"column":1}},"22":{"start":{"line":49,"column":2},"end":{"line":69,"column":3}},"23":{"start":{"line":50,"column":4},"end":{"line":64,"column":7}},"24":{"start":{"line":65,"column":4},"end":{"line":65,"column":40}},"25":{"start":{"line":67,"column":4},"end":{"line":67,"column":59}},"26":{"start":{"line":68,"column":4},"end":{"line":68,"column":29}},"27":{"start":{"line":73,"column":0},"end":{"line":73,"column":48}},"28":{"start":{"line":76,"column":14},"end":{"line":81,"column":1}},"29":{"start":{"line":77,"column":2},"end":{"line":77,"column":17}},"30":{"start":{"line":78,"column":2},"end":{"line":80,"column":5}},"31":{"start":{"line":79,"column":4},"end":{"line":79,"column":59}},"32":{"start":{"line":83,"column":0},"end":{"line":83,"column":8}},"33":{"start":{"line":85,"column":0},"end":{"line":85,"column":21}}},"fnMap":{"0":{"name":"(anonymous_0)","decl":{"start":{"line":26,"column":24},"end":{"line":26,"column":25}},"loc":{"start":{"line":26,"column":33},"end":{"line":26,"column":67}},"line":26},"1":{"name":"(anonymous_1)","decl":{"start":{"line":27,"column":28},"end":{"line":27,"column":29}},"loc":{"start":{"line":27,"column":35},"end":{"line":27,"column":81}},"line":27},"2":{"name":"(anonymous_2)","decl":{"start":{"line":31,"column":24},"end":{"line":31,"column":25}},"loc":{"start":{"line":31,"column":36},"end":{"line":43,"column":1}},"line":31},"3":{"name":"(anonymous_3)","decl":{"start":{"line":48,"column":15},"end":{"line":48,"column":16}},"loc":{"start":{"line":48,"column":27},"end":{"line":70,"column":1}},"line":48},"4":{"name":"(anonymous_4)","decl":{"start":{"line":76,"column":14},"end":{"line":76,"column":15}},"loc":{"start":{"line":76,"column":26},"end":{"line":81,"column":1}},"line":76},"5":{"name":"(anonymous_5)","decl":{"start":{"line":78,"column":30},"end":{"line":78,"column":31}},"loc":{"start":{"line":78,"column":36},"end":{"line":80,"column":3}},"line":78}},"branchMap":{"0":{"loc":{"start":{"line":7,"column":13},"end":{"line":7,"column":52}},"type":"binary-expr","locations":[{"start":{"line":7,"column":13},"end":{"line":7,"column":44}},{"start":{"line":7,"column":48},"end":{"line":7,"column":52}}],"line":7},"1":{"loc":{"start":{"line":13,"column":8},"end":{"line":13,"column":55}},"type":"binary-expr","locations":[{"start":{"line":13,"column":8},"end":{"line":13,"column":33}},{"start":{"line":13,"column":37},"end":{"line":13,"column":55}}],"line":13},"2":{"loc":{"start":{"line":14,"column":8},"end":{"line":14,"column":41}},"type":"binary-expr","locations":[{"start":{"line":14,"column":8},"end":{"line":14,"column":33}},{"start":{"line":14,"column":37},"end":{"line":14,"column":41}}],"line":14},"3":{"loc":{"start":{"line":21,"column":10},"end":{"line":21,"column":51}},"type":"binary-expr","locations":[{"start":{"line":21,"column":10},"end":{"line":21,"column":32}},{"start":{"line":21,"column":36},"end":{"line":21,"column":51}}],"line":21},"4":{"loc":{"start":{"line":22,"column":10},"end":{"line":22,"column":50}},"type":"binary-expr","locations":[{"start":{"line":22,"column":10},"end":{"line":22,"column":42}},{"start":{"line":22,"column":46},"end":{"line":22,"column":50}}],"line":22}},"s":{"0":0,"1":0,"2":0,"3":0,"4":0,"5":0,"6":0,"7":0,"8":0,"9":0,"10":0,"11":0,"12":0,"13":0,"14":0,"15":0,"16":0,"17":0,"18":0,"19":0,"20":0,"21":0,"22":0,"23":0,"24":0,"25":0,"26":0,"27":0,"28":0,"29":0,"30":0,"31":0,"32":0,"33":0},"f":{"0":0,"1":0,"2":0,"3":0,"4":0,"5":0},"b":{"0":[0,0],"1":[0,0],"2":[0,0],"3":[0,0],"4":[0,0]}}
}
