TN:
SF:src\app.js
FN:36,setDependencies
FN:43,(anonymous_1)
FN:48,(anonymous_2)
FN:61,(anonymous_3)
FN:67,(anonymous_4)
FN:128,(anonymous_5)
FN:143,(anonymous_6)
FN:178,(anonymous_7)
FN:224,(anonymous_8)
FN:230,(anonymous_9)
FNF:10
FNH:4
FNDA:1,setDependencies
FNDA:1,(anonymous_1)
FNDA:0,(anonymous_2)
FNDA:0,(anonymous_3)
FNDA:2,(anonymous_4)
FNDA:1,(anonymous_5)
FNDA:0,(anonymous_6)
FNDA:0,(anonymous_7)
FNDA:0,(anonymous_8)
FNDA:0,(anonymous_9)
DA:1,1
DA:2,1
DA:3,1
DA:4,1
DA:6,1
DA:9,1
DA:13,1
DA:14,1
DA:17,1
DA:23,1
DA:28,1
DA:37,1
DA:38,1
DA:39,1
DA:43,1
DA:44,1
DA:48,1
DA:49,0
DA:50,0
DA:51,0
DA:53,0
DA:54,0
DA:56,0
DA:61,1
DA:62,0
DA:63,0
DA:67,1
DA:68,2
DA:69,2
DA:71,2
DA:72,1
DA:75,1
DA:76,1
DA:77,0
DA:80,1
DA:81,1
DA:87,1
DA:96,1
DA:97,1
DA:112,1
DA:113,1
DA:116,1
DA:117,1
DA:119,1
DA:121,0
DA:122,0
DA:123,0
DA:128,1
DA:129,1
DA:130,1
DA:131,0
DA:134,1
DA:135,1
DA:137,0
DA:138,0
DA:143,1
DA:144,0
DA:145,0
DA:147,0
DA:148,0
DA:152,0
DA:153,0
DA:154,0
DA:155,0
DA:159,0
DA:161,0
DA:162,0
DA:166,0
DA:167,0
DA:170,0
DA:172,0
DA:173,0
DA:178,1
DA:179,0
DA:180,0
DA:181,0
DA:183,0
DA:184,0
DA:187,0
DA:192,0
DA:193,0
DA:197,0
DA:198,0
DA:202,0
DA:203,0
DA:216,0
DA:218,0
DA:219,0
DA:224,1
DA:225,0
DA:226,0
DA:230,1
DA:231,0
DA:234,1
LF:94
LH:45
BRDA:10,0,0,1
BRDA:10,0,1,1
BRDA:50,1,0,0
BRDA:50,1,1,0
BRDA:71,2,0,1
BRDA:71,2,1,1
BRDA:71,3,0,2
BRDA:71,3,1,2
BRDA:71,3,2,1
BRDA:76,4,0,0
BRDA:76,4,1,1
BRDA:96,5,0,1
BRDA:96,5,1,0
BRDA:112,6,0,1
BRDA:112,6,1,0
BRDA:130,7,0,0
BRDA:130,7,1,1
BRDA:147,8,0,0
BRDA:147,8,1,0
BRDA:152,9,0,0
BRDA:152,9,1,0
BRDA:154,10,0,0
BRDA:154,10,1,0
BRDA:161,11,0,0
BRDA:161,11,1,0
BRDA:166,12,0,0
BRDA:166,12,1,0
BRDA:183,13,0,0
BRDA:183,13,1,0
BRDA:192,14,0,0
BRDA:192,14,1,0
BRDA:197,15,0,0
BRDA:197,15,1,0
BRDA:202,16,0,0
BRDA:202,16,1,0
BRF:35
BRH:11
end_of_record
TN:
SF:src\index.js
FN:26,(anonymous_0)
FN:27,(anonymous_1)
FN:31,(anonymous_2)
FN:48,(anonymous_3)
FN:76,(anonymous_4)
FN:78,(anonymous_5)
FNF:6
FNH:0
FNDA:0,(anonymous_0)
FNDA:0,(anonymous_1)
FNDA:0,(anonymous_2)
FNDA:0,(anonymous_3)
FNDA:0,(anonymous_4)
FNDA:0,(anonymous_5)
DA:1,0
DA:2,0
DA:3,0
DA:4,0
DA:5,0
DA:7,0
DA:10,0
DA:19,0
DA:26,0
DA:27,0
DA:31,0
DA:32,0
DA:33,0
DA:36,0
DA:37,0
DA:38,0
DA:40,0
DA:41,0
DA:45,0
DA:48,0
DA:49,0
DA:50,0
DA:65,0
DA:67,0
DA:68,0
DA:73,0
DA:76,0
DA:77,0
DA:78,0
DA:79,0
DA:83,0
DA:85,0
LF:32
LH:0
BRDA:7,0,0,0
BRDA:7,0,1,0
BRDA:13,1,0,0
BRDA:13,1,1,0
BRDA:14,2,0,0
BRDA:14,2,1,0
BRDA:21,3,0,0
BRDA:21,3,1,0
BRDA:22,4,0,0
BRDA:22,4,1,0
BRF:10
BRH:0
end_of_record
