{"C:\\Users\\Devan\\Documents\\pedidos-veloz\\services\\inventory-service\\src\\app.js": {"path":"C:\\Users\\Devan\\Documents\\pedidos-veloz\\services\\inventory-service\\src\\app.js","statementMap":{"0":{"start":{"line":1,"column":16},"end":{"line":1,"column":34}},"1":{"start":{"line":2,"column":17},"end":{"line":2,"column":37}},"2":{"start":{"line":3,"column":23},"end":{"line":3,"column":38}},"3":{"start":{"line":4,"column":48},"end":{"line":4,"column":70}},"4":{"start":{"line":6,"column":12},"end":{"line":6,"column":21}},"5":{"start":{"line":9,"column":15},"end":{"line":11,"column":2}},"6":{"start":{"line":13,"column":0},"end":{"line":13,"column":16}},"7":{"start":{"line":14,"column":0},"end":{"line":14,"column":24}},"8":{"start":{"line":17,"column":22},"end":{"line":20,"column":2}},"9":{"start":{"line":22,"column":27},"end":{"line":25,"column":2}},"10":{"start":{"line":27,"column":19},"end":{"line":31,"column":2}},"11":{"start":{"line":37,"column":2},"end":{"line":37,"column":19}},"12":{"start":{"line":38,"column":2},"end":{"line":38,"column":33}},"13":{"start":{"line":42,"column":0},"end":{"line":44,"column":3}},"14":{"start":{"line":43,"column":2},"end":{"line":43,"column":59}},"15":{"start":{"line":47,"column":0},"end":{"line":57,"column":3}},"16":{"start":{"line":48,"column":2},"end":{"line":56,"column":3}},"17":{"start":{"line":49,"column":4},"end":{"line":51,"column":5}},"18":{"start":{"line":50,"column":6},"end":{"line":50,"column":87}},"19":{"start":{"line":52,"column":4},"end":{"line":52,"column":33}},"20":{"start":{"line":53,"column":4},"end":{"line":53,"column":30}},"21":{"start":{"line":55,"column":4},"end":{"line":55,"column":65}},"22":{"start":{"line":60,"column":0},"end":{"line":63,"column":3}},"23":{"start":{"line":61,"column":2},"end":{"line":61,"column":48}},"24":{"start":{"line":62,"column":2},"end":{"line":62,"column":36}},"25":{"start":{"line":66,"column":0},"end":{"line":78,"column":3}},"26":{"start":{"line":67,"column":2},"end":{"line":77,"column":3}},"27":{"start":{"line":68,"column":4},"end":{"line":70,"column":5}},"28":{"start":{"line":69,"column":6},"end":{"line":69,"column":69}},"29":{"start":{"line":72,"column":19},"end":{"line":72,"column":96}},"30":{"start":{"line":73,"column":4},"end":{"line":73,"column":26}},"31":{"start":{"line":75,"column":4},"end":{"line":75,"column":25}},"32":{"start":{"line":76,"column":4},"end":{"line":76,"column":51}},"33":{"start":{"line":81,"column":0},"end":{"line":115,"column":3}},"34":{"start":{"line":82,"column":41},"end":{"line":82,"column":49}},"35":{"start":{"line":84,"column":2},"end":{"line":86,"column":3}},"36":{"start":{"line":85,"column":4},"end":{"line":85,"column":70}},"37":{"start":{"line":88,"column":2},"end":{"line":114,"column":3}},"38":{"start":{"line":89,"column":4},"end":{"line":91,"column":5}},"39":{"start":{"line":90,"column":6},"end":{"line":90,"column":69}},"40":{"start":{"line":93,"column":22},"end":{"line":93,"column":30}},"41":{"start":{"line":94,"column":18},"end":{"line":98,"column":5}},"42":{"start":{"line":100,"column":19},"end":{"line":100,"column":83}},"43":{"start":{"line":103,"column":4},"end":{"line":105,"column":5}},"44":{"start":{"line":104,"column":6},"end":{"line":104,"column":92}},"45":{"start":{"line":107,"column":4},"end":{"line":107,"column":24}},"46":{"start":{"line":108,"column":4},"end":{"line":108,"column":56}},"47":{"start":{"line":110,"column":4},"end":{"line":110,"column":41}},"48":{"start":{"line":112,"column":4},"end":{"line":112,"column":25}},"49":{"start":{"line":113,"column":4},"end":{"line":113,"column":51}},"50":{"start":{"line":118,"column":0},"end":{"line":150,"column":3}},"51":{"start":{"line":119,"column":2},"end":{"line":149,"column":3}},"52":{"start":{"line":120,"column":19},"end":{"line":120,"column":29}},"53":{"start":{"line":122,"column":4},"end":{"line":124,"column":5}},"54":{"start":{"line":123,"column":6},"end":{"line":123,"column":69}},"55":{"start":{"line":127,"column":4},"end":{"line":132,"column":5}},"56":{"start":{"line":128,"column":21},"end":{"line":128,"column":59}},"57":{"start":{"line":129,"column":6},"end":{"line":131,"column":7}},"58":{"start":{"line":130,"column":8},"end":{"line":130,"column":44}},"59":{"start":{"line":134,"column":19},"end":{"line":134,"column":81}},"60":{"start":{"line":136,"column":4},"end":{"line":138,"column":5}},"61":{"start":{"line":137,"column":6},"end":{"line":137,"column":66}},"62":{"start":{"line":141,"column":4},"end":{"line":143,"column":5}},"63":{"start":{"line":142,"column":6},"end":{"line":142,"column":85}},"64":{"start":{"line":145,"column":4},"end":{"line":145,"column":29}},"65":{"start":{"line":147,"column":4},"end":{"line":147,"column":25}},"66":{"start":{"line":148,"column":4},"end":{"line":148,"column":51}},"67":{"start":{"line":153,"column":0},"end":{"line":197,"column":3}},"68":{"start":{"line":154,"column":16},"end":{"line":154,"column":26}},"69":{"start":{"line":155,"column":20},"end":{"line":155,"column":28}},"70":{"start":{"line":157,"column":2},"end":{"line":159,"column":3}},"71":{"start":{"line":158,"column":4},"end":{"line":158,"column":67}},"72":{"start":{"line":161,"column":2},"end":{"line":196,"column":3}},"73":{"start":{"line":162,"column":4},"end":{"line":164,"column":5}},"74":{"start":{"line":163,"column":6},"end":{"line":163,"column":69}},"75":{"start":{"line":166,"column":23},"end":{"line":166,"column":56}},"76":{"start":{"line":166,"column":41},"end":{"line":166,"column":55}},"77":{"start":{"line":167,"column":25},"end":{"line":167,"column":72}},"78":{"start":{"line":167,"column":50},"end":{"line":167,"column":61}},"79":{"start":{"line":169,"column":19},"end":{"line":172,"column":5}},"80":{"start":{"line":174,"column":23},"end":{"line":174,"column":25}},"81":{"start":{"line":175,"column":4},"end":{"line":177,"column":7}},"82":{"start":{"line":176,"column":6},"end":{"line":176,"column":40}},"83":{"start":{"line":179,"column":25},"end":{"line":183,"column":7}},"84":{"start":{"line":179,"column":44},"end":{"line":183,"column":5}},"85":{"start":{"line":185,"column":25},"end":{"line":185,"column":67}},"86":{"start":{"line":185,"column":52},"end":{"line":185,"column":66}},"87":{"start":{"line":187,"column":4},"end":{"line":187,"column":60}},"88":{"start":{"line":189,"column":4},"end":{"line":192,"column":7}},"89":{"start":{"line":194,"column":4},"end":{"line":194,"column":25}},"90":{"start":{"line":195,"column":4},"end":{"line":195,"column":51}},"91":{"start":{"line":200,"column":0},"end":{"line":234,"column":3}},"92":{"start":{"line":201,"column":2},"end":{"line":233,"column":3}},"93":{"start":{"line":202,"column":19},"end":{"line":202,"column":29}},"94":{"start":{"line":203,"column":25},"end":{"line":203,"column":33}},"95":{"start":{"line":205,"column":4},"end":{"line":207,"column":5}},"96":{"start":{"line":206,"column":6},"end":{"line":206,"column":69}},"97":{"start":{"line":209,"column":4},"end":{"line":211,"column":5}},"98":{"start":{"line":210,"column":6},"end":{"line":210,"column":69}},"99":{"start":{"line":213,"column":19},"end":{"line":216,"column":5}},"100":{"start":{"line":218,"column":4},"end":{"line":220,"column":5}},"101":{"start":{"line":219,"column":6},"end":{"line":219,"column":66}},"102":{"start":{"line":223,"column":4},"end":{"line":225,"column":5}},"103":{"start":{"line":224,"column":6},"end":{"line":224,"column":45}},"104":{"start":{"line":227,"column":4},"end":{"line":227,"column":49}},"105":{"start":{"line":229,"column":4},"end":{"line":229,"column":29}},"106":{"start":{"line":231,"column":4},"end":{"line":231,"column":25}},"107":{"start":{"line":232,"column":4},"end":{"line":232,"column":51}},"108":{"start":{"line":237,"column":0},"end":{"line":240,"column":3}},"109":{"start":{"line":238,"column":2},"end":{"line":238,"column":21}},"110":{"start":{"line":239,"column":2},"end":{"line":239,"column":59}},"111":{"start":{"line":243,"column":0},"end":{"line":245,"column":3}},"112":{"start":{"line":244,"column":2},"end":{"line":244,"column":47}},"113":{"start":{"line":247,"column":0},"end":{"line":247,"column":42}}},"fnMap":{"0":{"name":"setDependencies","decl":{"start":{"line":36,"column":9},"end":{"line":36,"column":24}},"loc":{"start":{"line":36,"column":31},"end":{"line":39,"column":1}},"line":36},"1":{"name":"(anonymous_1)","decl":{"start":{"line":42,"column":19},"end":{"line":42,"column":20}},"loc":{"start":{"line":42,"column":33},"end":{"line":44,"column":1}},"line":42},"2":{"name":"(anonymous_2)","decl":{"start":{"line":47,"column":18},"end":{"line":47,"column":19}},"loc":{"start":{"line":47,"column":38},"end":{"line":57,"column":1}},"line":47},"3":{"name":"(anonymous_3)","decl":{"start":{"line":60,"column":20},"end":{"line":60,"column":21}},"loc":{"start":{"line":60,"column":40},"end":{"line":63,"column":1}},"line":60},"4":{"name":"(anonymous_4)","decl":{"start":{"line":66,"column":22},"end":{"line":66,"column":23}},"loc":{"start":{"line":66,"column":42},"end":{"line":78,"column":1}},"line":66},"5":{"name":"(anonymous_5)","decl":{"start":{"line":81,"column":23},"end":{"line":81,"column":24}},"loc":{"start":{"line":81,"column":43},"end":{"line":115,"column":1}},"line":81},"6":{"name":"(anonymous_6)","decl":{"start":{"line":118,"column":26},"end":{"line":118,"column":27}},"loc":{"start":{"line":118,"column":46},"end":{"line":150,"column":1}},"line":118},"7":{"name":"(anonymous_7)","decl":{"start":{"line":153,"column":42},"end":{"line":153,"column":43}},"loc":{"start":{"line":153,"column":62},"end":{"line":197,"column":1}},"line":153},"8":{"name":"(anonymous_8)","decl":{"start":{"line":166,"column":33},"end":{"line":166,"column":34}},"loc":{"start":{"line":166,"column":41},"end":{"line":166,"column":55}},"line":166},"9":{"name":"(anonymous_9)","decl":{"start":{"line":167,"column":40},"end":{"line":167,"column":41}},"loc":{"start":{"line":167,"column":50},"end":{"line":167,"column":61}},"line":167},"10":{"name":"(anonymous_10)","decl":{"start":{"line":175,"column":24},"end":{"line":175,"column":25}},"loc":{"start":{"line":175,"column":31},"end":{"line":177,"column":5}},"line":175},"11":{"name":"(anonymous_11)","decl":{"start":{"line":179,"column":35},"end":{"line":179,"column":36}},"loc":{"start":{"line":179,"column":44},"end":{"line":183,"column":5}},"line":179},"12":{"name":"(anonymous_12)","decl":{"start":{"line":185,"column":44},"end":{"line":185,"column":45}},"loc":{"start":{"line":185,"column":52},"end":{"line":185,"column":66}},"line":185},"13":{"name":"(anonymous_13)","decl":{"start":{"line":200,"column":28},"end":{"line":200,"column":29}},"loc":{"start":{"line":200,"column":48},"end":{"line":234,"column":1}},"line":200},"14":{"name":"(anonymous_14)","decl":{"start":{"line":237,"column":8},"end":{"line":237,"column":9}},"loc":{"start":{"line":237,"column":33},"end":{"line":240,"column":1}},"line":237},"15":{"name":"(anonymous_15)","decl":{"start":{"line":243,"column":8},"end":{"line":243,"column":9}},"loc":{"start":{"line":243,"column":22},"end":{"line":245,"column":1}},"line":243}},"branchMap":{"0":{"loc":{"start":{"line":10,"column":10},"end":{"line":10,"column":41}},"type":"binary-expr","locations":[{"start":{"line":10,"column":10},"end":{"line":10,"column":31}},{"start":{"line":10,"column":35},"end":{"line":10,"column":41}}],"line":10},"1":{"loc":{"start":{"line":49,"column":4},"end":{"line":51,"column":5}},"type":"if","locations":[{"start":{"line":49,"column":4},"end":{"line":51,"column":5}},{"start":{},"end":{}}],"line":49},"2":{"loc":{"start":{"line":68,"column":4},"end":{"line":70,"column":5}},"type":"if","locations":[{"start":{"line":68,"column":4},"end":{"line":70,"column":5}},{"start":{},"end":{}}],"line":68},"3":{"loc":{"start":{"line":84,"column":2},"end":{"line":86,"column":3}},"type":"if","locations":[{"start":{"line":84,"column":2},"end":{"line":86,"column":3}},{"start":{},"end":{}}],"line":84},"4":{"loc":{"start":{"line":84,"column":6},"end":{"line":84,"column":55}},"type":"binary-expr","locations":[{"start":{"line":84,"column":6},"end":{"line":84,"column":11}},{"start":{"line":84,"column":15},"end":{"line":84,"column":19}},{"start":{"line":84,"column":23},"end":{"line":84,"column":45}},{"start":{"line":84,"column":49},"end":{"line":84,"column":55}}],"line":84},"5":{"loc":{"start":{"line":89,"column":4},"end":{"line":91,"column":5}},"type":"if","locations":[{"start":{"line":89,"column":4},"end":{"line":91,"column":5}},{"start":{},"end":{}}],"line":89},"6":{"loc":{"start":{"line":103,"column":4},"end":{"line":105,"column":5}},"type":"if","locations":[{"start":{"line":103,"column":4},"end":{"line":105,"column":5}},{"start":{},"end":{}}],"line":103},"7":{"loc":{"start":{"line":122,"column":4},"end":{"line":124,"column":5}},"type":"if","locations":[{"start":{"line":122,"column":4},"end":{"line":124,"column":5}},{"start":{},"end":{}}],"line":122},"8":{"loc":{"start":{"line":127,"column":4},"end":{"line":132,"column":5}},"type":"if","locations":[{"start":{"line":127,"column":4},"end":{"line":132,"column":5}},{"start":{},"end":{}}],"line":127},"9":{"loc":{"start":{"line":129,"column":6},"end":{"line":131,"column":7}},"type":"if","locations":[{"start":{"line":129,"column":6},"end":{"line":131,"column":7}},{"start":{},"end":{}}],"line":129},"10":{"loc":{"start":{"line":136,"column":4},"end":{"line":138,"column":5}},"type":"if","locations":[{"start":{"line":136,"column":4},"end":{"line":138,"column":5}},{"start":{},"end":{}}],"line":136},"11":{"loc":{"start":{"line":141,"column":4},"end":{"line":143,"column":5}},"type":"if","locations":[{"start":{"line":141,"column":4},"end":{"line":143,"column":5}},{"start":{},"end":{}}],"line":141},"12":{"loc":{"start":{"line":157,"column":2},"end":{"line":159,"column":3}},"type":"if","locations":[{"start":{"line":157,"column":2},"end":{"line":159,"column":3}},{"start":{},"end":{}}],"line":157},"13":{"loc":{"start":{"line":157,"column":6},"end":{"line":157,"column":37}},"type":"binary-expr","locations":[{"start":{"line":157,"column":6},"end":{"line":157,"column":12}},{"start":{"line":157,"column":16},"end":{"line":157,"column":37}}],"line":157},"14":{"loc":{"start":{"line":162,"column":4},"end":{"line":164,"column":5}},"type":"if","locations":[{"start":{"line":162,"column":4},"end":{"line":164,"column":5}},{"start":{},"end":{}}],"line":162},"15":{"loc":{"start":{"line":181,"column":18},"end":{"line":181,"column":49}},"type":"binary-expr","locations":[{"start":{"line":181,"column":18},"end":{"line":181,"column":44}},{"start":{"line":181,"column":48},"end":{"line":181,"column":49}}],"line":181},"16":{"loc":{"start":{"line":182,"column":23},"end":{"line":182,"column":54}},"type":"binary-expr","locations":[{"start":{"line":182,"column":23},"end":{"line":182,"column":49}},{"start":{"line":182,"column":53},"end":{"line":182,"column":54}}],"line":182},"17":{"loc":{"start":{"line":205,"column":4},"end":{"line":207,"column":5}},"type":"if","locations":[{"start":{"line":205,"column":4},"end":{"line":207,"column":5}},{"start":{},"end":{}}],"line":205},"18":{"loc":{"start":{"line":209,"column":4},"end":{"line":211,"column":5}},"type":"if","locations":[{"start":{"line":209,"column":4},"end":{"line":211,"column":5}},{"start":{},"end":{}}],"line":209},"19":{"loc":{"start":{"line":218,"column":4},"end":{"line":220,"column":5}},"type":"if","locations":[{"start":{"line":218,"column":4},"end":{"line":220,"column":5}},{"start":{},"end":{}}],"line":218},"20":{"loc":{"start":{"line":223,"column":4},"end":{"line":225,"column":5}},"type":"if","locations":[{"start":{"line":223,"column":4},"end":{"line":225,"column":5}},{"start":{},"end":{}}],"line":223}},"s":{"0":1,"1":1,"2":1,"3":1,"4":1,"5":1,"6":1,"7":1,"8":1,"9":1,"10":1,"11":1,"12":1,"13":1,"14":1,"15":1,"16":0,"17":0,"18":0,"19":0,"20":0,"21":0,"22":1,"23":0,"24":0,"25":1,"26":1,"27":1,"28":0,"29":1,"30":1,"31":0,"32":0,"33":1,"34":2,"35":2,"36":1,"37":1,"38":1,"39":0,"40":1,"41":1,"42":1,"43":1,"44":1,"45":1,"46":1,"47":1,"48":0,"49":0,"50":1,"51":0,"52":0,"53":0,"54":0,"55":0,"56":0,"57":0,"58":0,"59":0,"60":0,"61":0,"62":0,"63":0,"64":0,"65":0,"66":0,"67":1,"68":1,"69":1,"70":1,"71":0,"72":1,"73":1,"74":0,"75":1,"76":1,"77":1,"78":1,"79":1,"80":1,"81":1,"82":1,"83":1,"84":1,"85":1,"86":1,"87":1,"88":1,"89":0,"90":0,"91":1,"92":0,"93":0,"94":0,"95":0,"96":0,"97":0,"98":0,"99":0,"100":0,"101":0,"102":0,"103":0,"104":0,"105":0,"106":0,"107":0,"108":1,"109":0,"110":0,"111":1,"112":0,"113":1},"f":{"0":1,"1":1,"2":0,"3":0,"4":1,"5":2,"6":0,"7":1,"8":1,"9":1,"10":1,"11":1,"12":1,"13":0,"14":0,"15":0},"b":{"0":[1,1],"1":[0,0],"2":[0,1],"3":[1,1],"4":[2,2,1,1],"5":[0,1],"6":[1,0],"7":[0,0],"8":[0,0],"9":[0,0],"10":[0,0],"11":[0,0],"12":[0,1],"13":[1,1],"14":[0,1],"15":[1,0],"16":[1,0],"17":[0,0],"18":[0,0],"19":[0,0],"20":[0,0]},"_coverageSchema":"1a1c01bbd47fc00a2c39e90264f33305004495a9","hash":"380e68be70b6d364c7694838dadc996dc033e407"}
,"C:\\Users\\Devan\\Documents\\pedidos-veloz\\services\\inventory-service\\src\\index.js": {"path":"C:\\Users\\Devan\\Documents\\pedidos-veloz\\services\\inventory-service\\src\\index.js","statementMap":{"0":{"start":{"line":1,"column":0},"end":{"line":1,"column":27}},"1":{"start":{"line":2,"column":16},"end":{"line":2,"column":34}},"2":{"start":{"line":3,"column":17},"end":{"line":3,"column":30}},"3":{"start":{"line":4,"column":14},"end":{"line":4,"column":30}},"4":{"start":{"line":5,"column":17},"end":{"line":5,"column":37}},"5":{"start":{"line":6,"column":23},"end":{"line":6,"column":38}},"6":{"start":{"line":7,"column":48},"end":{"line":7,"column":70}},"7":{"start":{"line":9,"column":12},"end":{"line":9,"column":21}},"8":{"start":{"line":10,"column":13},"end":{"line":10,"column":55}},"9":{"start":{"line":13,"column":15},"end":{"line":15,"column":2}},"10":{"start":{"line":17,"column":0},"end":{"line":17,"column":16}},"11":{"start":{"line":18,"column":0},"end":{"line":18,"column":24}},"12":{"start":{"line":21,"column":13},"end":{"line":27,"column":2}},"13":{"start":{"line":30,"column":20},"end":{"line":36,"column":2}},"14":{"start":{"line":38,"column":0},"end":{"line":38,"column":69}},"15":{"start":{"line":38,"column":33},"end":{"line":38,"column":67}},"16":{"start":{"line":39,"column":0},"end":{"line":39,"column":22}},"17":{"start":{"line":42,"column":23},"end":{"line":46,"column":2}},"18":{"start":{"line":48,"column":26},"end":{"line":52,"column":2}},"19":{"start":{"line":55,"column":0},"end":{"line":57,"column":3}},"20":{"start":{"line":56,"column":2},"end":{"line":56,"column":59}},"21":{"start":{"line":60,"column":0},"end":{"line":67,"column":3}},"22":{"start":{"line":61,"column":2},"end":{"line":66,"column":3}},"23":{"start":{"line":62,"column":4},"end":{"line":62,"column":33}},"24":{"start":{"line":63,"column":4},"end":{"line":63,"column":30}},"25":{"start":{"line":65,"column":4},"end":{"line":65,"column":65}},"26":{"start":{"line":70,"column":0},"end":{"line":73,"column":3}},"27":{"start":{"line":71,"column":2},"end":{"line":71,"column":48}},"28":{"start":{"line":72,"column":2},"end":{"line":72,"column":36}},"29":{"start":{"line":76,"column":0},"end":{"line":105,"column":3}},"30":{"start":{"line":77,"column":41},"end":{"line":77,"column":49}},"31":{"start":{"line":79,"column":2},"end":{"line":104,"column":3}},"32":{"start":{"line":80,"column":22},"end":{"line":80,"column":30}},"33":{"start":{"line":81,"column":18},"end":{"line":85,"column":5}},"34":{"start":{"line":87,"column":19},"end":{"line":87,"column":83}},"35":{"start":{"line":90,"column":4},"end":{"line":94,"column":6}},"36":{"start":{"line":96,"column":4},"end":{"line":96,"column":67}},"37":{"start":{"line":97,"column":4},"end":{"line":97,"column":63}},"38":{"start":{"line":99,"column":4},"end":{"line":99,"column":41}},"39":{"start":{"line":101,"column":4},"end":{"line":101,"column":25}},"40":{"start":{"line":102,"column":4},"end":{"line":102,"column":65}},"41":{"start":{"line":103,"column":4},"end":{"line":103,"column":51}},"42":{"start":{"line":108,"column":0},"end":{"line":116,"column":3}},"43":{"start":{"line":109,"column":2},"end":{"line":115,"column":3}},"44":{"start":{"line":110,"column":19},"end":{"line":110,"column":86}},"45":{"start":{"line":111,"column":4},"end":{"line":111,"column":26}},"46":{"start":{"line":113,"column":4},"end":{"line":113,"column":25}},"47":{"start":{"line":114,"column":4},"end":{"line":114,"column":51}},"48":{"start":{"line":119,"column":0},"end":{"line":147,"column":3}},"49":{"start":{"line":120,"column":2},"end":{"line":146,"column":3}},"50":{"start":{"line":121,"column":19},"end":{"line":121,"column":29}},"51":{"start":{"line":124,"column":19},"end":{"line":124,"column":57}},"52":{"start":{"line":125,"column":4},"end":{"line":127,"column":5}},"53":{"start":{"line":126,"column":6},"end":{"line":126,"column":42}},"54":{"start":{"line":129,"column":19},"end":{"line":129,"column":81}},"55":{"start":{"line":131,"column":4},"end":{"line":133,"column":5}},"56":{"start":{"line":132,"column":6},"end":{"line":132,"column":66}},"57":{"start":{"line":136,"column":4},"end":{"line":140,"column":6}},"58":{"start":{"line":142,"column":4},"end":{"line":142,"column":29}},"59":{"start":{"line":144,"column":4},"end":{"line":144,"column":25}},"60":{"start":{"line":145,"column":4},"end":{"line":145,"column":51}},"61":{"start":{"line":150,"column":0},"end":{"line":176,"column":3}},"62":{"start":{"line":151,"column":2},"end":{"line":175,"column":3}},"63":{"start":{"line":152,"column":19},"end":{"line":152,"column":29}},"64":{"start":{"line":153,"column":25},"end":{"line":153,"column":33}},"65":{"start":{"line":155,"column":19},"end":{"line":158,"column":5}},"66":{"start":{"line":160,"column":4},"end":{"line":162,"column":5}},"67":{"start":{"line":161,"column":6},"end":{"line":161,"column":66}},"68":{"start":{"line":165,"column":4},"end":{"line":165,"column":43}},"69":{"start":{"line":167,"column":4},"end":{"line":167,"column":67}},"70":{"start":{"line":168,"column":4},"end":{"line":168,"column":56}},"71":{"start":{"line":170,"column":4},"end":{"line":170,"column":29}},"72":{"start":{"line":172,"column":4},"end":{"line":172,"column":25}},"73":{"start":{"line":173,"column":4},"end":{"line":173,"column":65}},"74":{"start":{"line":174,"column":4},"end":{"line":174,"column":51}},"75":{"start":{"line":179,"column":0},"end":{"line":206,"column":3}},"76":{"start":{"line":180,"column":2},"end":{"line":205,"column":3}},"77":{"start":{"line":181,"column":22},"end":{"line":181,"column":30}},"78":{"start":{"line":183,"column":20},"end":{"line":197,"column":5}},"79":{"start":{"line":185,"column":23},"end":{"line":188,"column":9}},"80":{"start":{"line":190,"column":8},"end":{"line":192,"column":9}},"81":{"start":{"line":191,"column":10},"end":{"line":191,"column":65}},"82":{"start":{"line":194,"column":26},"end":{"line":194,"column":66}},"83":{"start":{"line":195,"column":8},"end":{"line":195,"column":98}},"84":{"start":{"line":199,"column":25},"end":{"line":199,"column":58}},"85":{"start":{"line":199,"column":46},"end":{"line":199,"column":57}},"86":{"start":{"line":201,"column":4},"end":{"line":201,"column":58}},"87":{"start":{"line":203,"column":4},"end":{"line":203,"column":25}},"88":{"start":{"line":204,"column":4},"end":{"line":204,"column":51}},"89":{"start":{"line":209,"column":15},"end":{"line":230,"column":1}},"90":{"start":{"line":210,"column":2},"end":{"line":229,"column":3}},"91":{"start":{"line":211,"column":4},"end":{"line":224,"column":7}},"92":{"start":{"line":225,"column":4},"end":{"line":225,"column":40}},"93":{"start":{"line":227,"column":4},"end":{"line":227,"column":59}},"94":{"start":{"line":228,"column":4},"end":{"line":228,"column":29}},"95":{"start":{"line":233,"column":0},"end":{"line":236,"column":3}},"96":{"start":{"line":234,"column":2},"end":{"line":234,"column":21}},"97":{"start":{"line":235,"column":2},"end":{"line":235,"column":59}},"98":{"start":{"line":239,"column":0},"end":{"line":241,"column":3}},"99":{"start":{"line":240,"column":2},"end":{"line":240,"column":47}},"100":{"start":{"line":244,"column":14},"end":{"line":249,"column":1}},"101":{"start":{"line":245,"column":2},"end":{"line":245,"column":17}},"102":{"start":{"line":246,"column":2},"end":{"line":248,"column":5}},"103":{"start":{"line":247,"column":4},"end":{"line":247,"column":62}},"104":{"start":{"line":251,"column":0},"end":{"line":251,"column":8}},"105":{"start":{"line":253,"column":0},"end":{"line":253,"column":21}}},"fnMap":{"0":{"name":"(anonymous_0)","decl":{"start":{"line":38,"column":24},"end":{"line":38,"column":25}},"loc":{"start":{"line":38,"column":33},"end":{"line":38,"column":67}},"line":38},"1":{"name":"(anonymous_1)","decl":{"start":{"line":55,"column":19},"end":{"line":55,"column":20}},"loc":{"start":{"line":55,"column":33},"end":{"line":57,"column":1}},"line":55},"2":{"name":"(anonymous_2)","decl":{"start":{"line":60,"column":18},"end":{"line":60,"column":19}},"loc":{"start":{"line":60,"column":38},"end":{"line":67,"column":1}},"line":60},"3":{"name":"(anonymous_3)","decl":{"start":{"line":70,"column":20},"end":{"line":70,"column":21}},"loc":{"start":{"line":70,"column":40},"end":{"line":73,"column":1}},"line":70},"4":{"name":"(anonymous_4)","decl":{"start":{"line":76,"column":22},"end":{"line":76,"column":23}},"loc":{"start":{"line":76,"column":42},"end":{"line":105,"column":1}},"line":76},"5":{"name":"(anonymous_5)","decl":{"start":{"line":108,"column":21},"end":{"line":108,"column":22}},"loc":{"start":{"line":108,"column":41},"end":{"line":116,"column":1}},"line":108},"6":{"name":"(anonymous_6)","decl":{"start":{"line":119,"column":25},"end":{"line":119,"column":26}},"loc":{"start":{"line":119,"column":45},"end":{"line":147,"column":1}},"line":119},"7":{"name":"(anonymous_7)","decl":{"start":{"line":150,"column":36},"end":{"line":150,"column":37}},"loc":{"start":{"line":150,"column":56},"end":{"line":176,"column":1}},"line":150},"8":{"name":"(anonymous_8)","decl":{"start":{"line":179,"column":41},"end":{"line":179,"column":42}},"loc":{"start":{"line":179,"column":61},"end":{"line":206,"column":1}},"line":179},"9":{"name":"(anonymous_9)","decl":{"start":{"line":184,"column":16},"end":{"line":184,"column":17}},"loc":{"start":{"line":184,"column":32},"end":{"line":196,"column":7}},"line":184},"10":{"name":"(anonymous_10)","decl":{"start":{"line":199,"column":39},"end":{"line":199,"column":40}},"loc":{"start":{"line":199,"column":46},"end":{"line":199,"column":57}},"line":199},"11":{"name":"(anonymous_11)","decl":{"start":{"line":209,"column":15},"end":{"line":209,"column":16}},"loc":{"start":{"line":209,"column":27},"end":{"line":230,"column":1}},"line":209},"12":{"name":"(anonymous_12)","decl":{"start":{"line":233,"column":8},"end":{"line":233,"column":9}},"loc":{"start":{"line":233,"column":33},"end":{"line":236,"column":1}},"line":233},"13":{"name":"(anonymous_13)","decl":{"start":{"line":239,"column":8},"end":{"line":239,"column":9}},"loc":{"start":{"line":239,"column":22},"end":{"line":241,"column":1}},"line":239},"14":{"name":"(anonymous_14)","decl":{"start":{"line":244,"column":14},"end":{"line":244,"column":15}},"loc":{"start":{"line":244,"column":26},"end":{"line":249,"column":1}},"line":244},"15":{"name":"(anonymous_15)","decl":{"start":{"line":246,"column":30},"end":{"line":246,"column":31}},"loc":{"start":{"line":246,"column":36},"end":{"line":248,"column":3}},"line":246}},"branchMap":{"0":{"loc":{"start":{"line":10,"column":13},"end":{"line":10,"column":55}},"type":"binary-expr","locations":[{"start":{"line":10,"column":13},"end":{"line":10,"column":47}},{"start":{"line":10,"column":51},"end":{"line":10,"column":55}}],"line":10},"1":{"loc":{"start":{"line":14,"column":10},"end":{"line":14,"column":41}},"type":"binary-expr","locations":[{"start":{"line":14,"column":10},"end":{"line":14,"column":31}},{"start":{"line":14,"column":35},"end":{"line":14,"column":41}}],"line":14},"2":{"loc":{"start":{"line":24,"column":8},"end":{"line":24,"column":47}},"type":"binary-expr","locations":[{"start":{"line":24,"column":8},"end":{"line":24,"column":33}},{"start":{"line":24,"column":37},"end":{"line":24,"column":47}}],"line":24},"3":{"loc":{"start":{"line":25,"column":8},"end":{"line":25,"column":41}},"type":"binary-expr","locations":[{"start":{"line":25,"column":8},"end":{"line":25,"column":33}},{"start":{"line":25,"column":37},"end":{"line":25,"column":41}}],"line":25},"4":{"loc":{"start":{"line":32,"column":10},"end":{"line":32,"column":51}},"type":"binary-expr","locations":[{"start":{"line":32,"column":10},"end":{"line":32,"column":32}},{"start":{"line":32,"column":36},"end":{"line":32,"column":51}}],"line":32},"5":{"loc":{"start":{"line":33,"column":10},"end":{"line":33,"column":50}},"type":"binary-expr","locations":[{"start":{"line":33,"column":10},"end":{"line":33,"column":42}},{"start":{"line":33,"column":46},"end":{"line":33,"column":50}}],"line":33},"6":{"loc":{"start":{"line":125,"column":4},"end":{"line":127,"column":5}},"type":"if","locations":[{"start":{"line":125,"column":4},"end":{"line":127,"column":5}},{"start":{},"end":{}}],"line":125},"7":{"loc":{"start":{"line":131,"column":4},"end":{"line":133,"column":5}},"type":"if","locations":[{"start":{"line":131,"column":4},"end":{"line":133,"column":5}},{"start":{},"end":{}}],"line":131},"8":{"loc":{"start":{"line":160,"column":4},"end":{"line":162,"column":5}},"type":"if","locations":[{"start":{"line":160,"column":4},"end":{"line":162,"column":5}},{"start":{},"end":{}}],"line":160},"9":{"loc":{"start":{"line":190,"column":8},"end":{"line":192,"column":9}},"type":"if","locations":[{"start":{"line":190,"column":8},"end":{"line":192,"column":9}},{"start":{},"end":{}}],"line":190}},"s":{"0":0,"1":0,"2":0,"3":0,"4":0,"5":0,"6":0,"7":0,"8":0,"9":0,"10":0,"11":0,"12":0,"13":0,"14":0,"15":0,"16":0,"17":0,"18":0,"19":0,"20":0,"21":0,"22":0,"23":0,"24":0,"25":0,"26":0,"27":0,"28":0,"29":0,"30":0,"31":0,"32":0,"33":0,"34":0,"35":0,"36":0,"37":0,"38":0,"39":0,"40":0,"41":0,"42":0,"43":0,"44":0,"45":0,"46":0,"47":0,"48":0,"49":0,"50":0,"51":0,"52":0,"53":0,"54":0,"55":0,"56":0,"57":0,"58":0,"59":0,"60":0,"61":0,"62":0,"63":0,"64":0,"65":0,"66":0,"67":0,"68":0,"69":0,"70":0,"71":0,"72":0,"73":0,"74":0,"75":0,"76":0,"77":0,"78":0,"79":0,"80":0,"81":0,"82":0,"83":0,"84":0,"85":0,"86":0,"87":0,"88":0,"89":0,"90":0,"91":0,"92":0,"93":0,"94":0,"95":0,"96":0,"97":0,"98":0,"99":0,"100":0,"101":0,"102":0,"103":0,"104":0,"105":0},"f":{"0":0,"1":0,"2":0,"3":0,"4":0,"5":0,"6":0,"7":0,"8":0,"9":0,"10":0,"11":0,"12":0,"13":0,"14":0,"15":0},"b":{"0":[0,0],"1":[0,0],"2":[0,0],"3":[0,0],"4":[0,0],"5":[0,0],"6":[0,0],"7":[0,0],"8":[0,0],"9":[0,0]}}
}
