TN:
SF:src\app.js
FN:36,setDependencies
FN:42,(anonymous_1)
FN:47,(anonymous_2)
FN:60,(anonymous_3)
FN:66,(anonymous_4)
FN:81,(anonymous_5)
FN:118,(anonymous_6)
FN:153,(anonymous_7)
FN:166,(anonymous_8)
FN:167,(anonymous_9)
FN:175,(anonymous_10)
FN:179,(anonymous_11)
FN:185,(anonymous_12)
FN:200,(anonymous_13)
FN:237,(anonymous_14)
FN:243,(anonymous_15)
FNF:16
FNH:10
FNDA:1,setDependencies
FNDA:1,(anonymous_1)
FNDA:0,(anonymous_2)
FNDA:0,(anonymous_3)
FNDA:1,(anonymous_4)
FNDA:2,(anonymous_5)
FNDA:0,(anonymous_6)
FNDA:1,(anonymous_7)
FNDA:1,(anonymous_8)
FNDA:1,(anonymous_9)
FNDA:1,(anonymous_10)
FNDA:1,(anonymous_11)
FNDA:1,(anonymous_12)
FNDA:0,(anonymous_13)
FNDA:0,(anonymous_14)
FNDA:0,(anonymous_15)
DA:1,1
DA:2,1
DA:3,1
DA:4,1
DA:6,1
DA:9,1
DA:13,1
DA:14,1
DA:17,1
DA:22,1
DA:27,1
DA:37,1
DA:38,1
DA:42,1
DA:43,1
DA:47,1
DA:48,0
DA:49,0
DA:50,0
DA:52,0
DA:53,0
DA:55,0
DA:60,1
DA:61,0
DA:62,0
DA:66,1
DA:67,1
DA:68,1
DA:69,0
DA:72,1
DA:73,1
DA:75,0
DA:76,0
DA:81,1
DA:82,2
DA:84,2
DA:85,1
DA:88,1
DA:89,1
DA:90,0
DA:93,1
DA:94,1
DA:100,1
DA:103,1
DA:104,1
DA:107,1
DA:108,1
DA:110,1
DA:112,0
DA:113,0
DA:118,1
DA:119,0
DA:120,0
DA:122,0
DA:123,0
DA:127,0
DA:128,0
DA:129,0
DA:130,0
DA:134,0
DA:136,0
DA:137,0
DA:141,0
DA:142,0
DA:145,0
DA:147,0
DA:148,0
DA:153,1
DA:154,1
DA:155,1
DA:157,1
DA:158,0
DA:161,1
DA:162,1
DA:163,0
DA:166,1
DA:167,1
DA:169,1
DA:174,1
DA:175,1
DA:176,1
DA:179,1
DA:185,1
DA:187,1
DA:189,1
DA:194,0
DA:195,0
DA:200,1
DA:201,0
DA:202,0
DA:203,0
DA:205,0
DA:206,0
DA:209,0
DA:210,0
DA:213,0
DA:218,0
DA:219,0
DA:223,0
DA:224,0
DA:227,0
DA:229,0
DA:231,0
DA:232,0
DA:237,1
DA:238,0
DA:239,0
DA:243,1
DA:244,0
DA:247,1
LF:110
LH:57
BRDA:10,0,0,1
BRDA:10,0,1,1
BRDA:49,1,0,0
BRDA:49,1,1,0
BRDA:68,2,0,0
BRDA:68,2,1,1
BRDA:84,3,0,1
BRDA:84,3,1,1
BRDA:84,4,0,2
BRDA:84,4,1,2
BRDA:84,4,2,1
BRDA:84,4,3,1
BRDA:89,5,0,0
BRDA:89,5,1,1
BRDA:103,6,0,1
BRDA:103,6,1,0
BRDA:122,7,0,0
BRDA:122,7,1,0
BRDA:127,8,0,0
BRDA:127,8,1,0
BRDA:129,9,0,0
BRDA:129,9,1,0
BRDA:136,10,0,0
BRDA:136,10,1,0
BRDA:141,11,0,0
BRDA:141,11,1,0
BRDA:157,12,0,0
BRDA:157,12,1,1
BRDA:157,13,0,1
BRDA:157,13,1,1
BRDA:162,14,0,0
BRDA:162,14,1,1
BRDA:181,15,0,1
BRDA:181,15,1,0
BRDA:182,16,0,1
BRDA:182,16,1,0
BRDA:205,17,0,0
BRDA:205,17,1,0
BRDA:209,18,0,0
BRDA:209,18,1,0
BRDA:218,19,0,0
BRDA:218,19,1,0
BRDA:223,20,0,0
BRDA:223,20,1,0
BRF:44
BRH:17
end_of_record
TN:
SF:src\index.js
FN:38,(anonymous_0)
FN:55,(anonymous_1)
FN:60,(anonymous_2)
FN:70,(anonymous_3)
FN:76,(anonymous_4)
FN:108,(anonymous_5)
FN:119,(anonymous_6)
FN:150,(anonymous_7)
FN:179,(anonymous_8)
FN:184,(anonymous_9)
FN:199,(anonymous_10)
FN:209,(anonymous_11)
FN:233,(anonymous_12)
FN:239,(anonymous_13)
FN:244,(anonymous_14)
FN:246,(anonymous_15)
FNF:16
FNH:0
FNDA:0,(anonymous_0)
FNDA:0,(anonymous_1)
FNDA:0,(anonymous_2)
FNDA:0,(anonymous_3)
FNDA:0,(anonymous_4)
FNDA:0,(anonymous_5)
FNDA:0,(anonymous_6)
FNDA:0,(anonymous_7)
FNDA:0,(anonymous_8)
FNDA:0,(anonymous_9)
FNDA:0,(anonymous_10)
FNDA:0,(anonymous_11)
FNDA:0,(anonymous_12)
FNDA:0,(anonymous_13)
FNDA:0,(anonymous_14)
FNDA:0,(anonymous_15)
DA:1,0
DA:2,0
DA:3,0
DA:4,0
DA:5,0
DA:6,0
DA:7,0
DA:9,0
DA:10,0
DA:13,0
DA:17,0
DA:18,0
DA:21,0
DA:30,0
DA:38,0
DA:39,0
DA:42,0
DA:48,0
DA:55,0
DA:56,0
DA:60,0
DA:61,0
DA:62,0
DA:63,0
DA:65,0
DA:70,0
DA:71,0
DA:72,0
DA:76,0
DA:77,0
DA:79,0
DA:80,0
DA:81,0
DA:87,0
DA:90,0
DA:96,0
DA:97,0
DA:99,0
DA:101,0
DA:102,0
DA:103,0
DA:108,0
DA:109,0
DA:110,0
DA:111,0
DA:113,0
DA:114,0
DA:119,0
DA:120,0
DA:121,0
DA:124,0
DA:125,0
DA:126,0
DA:129,0
DA:131,0
DA:132,0
DA:136,0
DA:142,0
DA:144,0
DA:145,0
DA:150,0
DA:151,0
DA:152,0
DA:153,0
DA:155,0
DA:160,0
DA:161,0
DA:165,0
DA:167,0
DA:168,0
DA:170,0
DA:172,0
DA:173,0
DA:174,0
DA:179,0
DA:180,0
DA:181,0
DA:183,0
DA:185,0
DA:190,0
DA:191,0
DA:194,0
DA:195,0
DA:199,0
DA:201,0
DA:203,0
DA:204,0
DA:209,0
DA:210,0
DA:211,0
DA:225,0
DA:227,0
DA:228,0
DA:233,0
DA:234,0
DA:235,0
DA:239,0
DA:240,0
DA:244,0
DA:245,0
DA:246,0
DA:247,0
DA:251,0
DA:253,0
LF:104
LH:0
BRDA:10,0,0,0
BRDA:10,0,1,0
BRDA:14,1,0,0
BRDA:14,1,1,0
BRDA:24,2,0,0
BRDA:24,2,1,0
BRDA:25,3,0,0
BRDA:25,3,1,0
BRDA:32,4,0,0
BRDA:32,4,1,0
BRDA:33,5,0,0
BRDA:33,5,1,0
BRDA:125,6,0,0
BRDA:125,6,1,0
BRDA:131,7,0,0
BRDA:131,7,1,0
BRDA:160,8,0,0
BRDA:160,8,1,0
BRDA:190,9,0,0
BRDA:190,9,1,0
BRF:20
BRH:0
end_of_record
